# JRE version: Java(TM) SE Runtime Environment (23.0.2+7) (build 23.0.2+7-58)
# Java VM: Java HotSpot(TM) 64-Bit Server VM (23.0.2+7-58, mixed mode, sharing, tiered, compressed oops, compressed class ptrs, g1 gc, windows-amd64)
GC Precious Log:
 CardTable entry size: 512
 Card Set container configuration: InlinePtr #cards 5 size 8 Array Of Cards #cards 10 size 36 Howl #buckets 4 coarsen threshold 1843 Howl Bitmap #cards 512 size 80 coarsen threshold 460 Card regions per heap region 1 cards per card region 2048
 CPUs: 8 total, 8 available
 Memory: 8013M
 Large Page Support: Disabled
 NUMA Support: Disabled
 Compressed Oops: Enabled (32-bit)
 Heap Region Size: 1M
 Heap Min Capacity: 8M
 Heap Initial Capacity: 126M
 Heap Max Capacity: 2004M
 Pre-touch: Disabled
 Parallel Workers: 8
 Concurrent Workers: 2
 Concurrent Refinement Workers: 8
 Periodic GC: Disabled
Heap:
 garbage-first heap   total reserved 2052096K, committed 75776K, used 47457K [0x0000000082c00000, 0x0000000100000000)
  region size 1024K, 3 young (3072K), 3 survivors (3072K)
 Metaspace       used 84956K, committed 85696K, reserved 1179648K
  class space    used 11467K, committed 11840K, reserved 1048576K
GC Heap History (20 events):
Event: 18.041 GC heap after
{Heap after GC invocations=17 (full 0):
 garbage-first heap   total reserved 2052096K, committed 68608K, used 37647K [0x0000000082c00000, 0x0000000100000000)
  region size 1024K, 4 young (4096K), 4 survivors (4096K)
 Metaspace       used 51449K, committed 52032K, reserved 1114112K
  class space    used 6535K, committed 6784K, reserved 1048576K
}
Event: 18.722 GC heap before
{Heap before GC invocations=17 (full 0):
 garbage-first heap   total reserved 2052096K, committed 68608K, used 60175K [0x0000000082c00000, 0x0000000100000000)
  region size 1024K, 26 young (26624K), 4 survivors (4096K)
 Metaspace       used 53117K, committed 53696K, reserved 1114112K
  class space    used 6782K, committed 7040K, reserved 1048576K
}
Event: 18.727 GC heap after
{Heap after GC invocations=18 (full 0):
 garbage-first heap   total reserved 2052096K, committed 68608K, used 38386K [0x0000000082c00000, 0x0000000100000000)
  region size 1024K, 2 young (2048K), 2 survivors (2048K)
 Metaspace       used 53117K, committed 53696K, reserved 1114112K
  class space    used 6782K, committed 7040K, reserved 1048576K
}
Event: 19.205 GC heap before
{Heap before GC invocations=18 (full 0):
 garbage-first heap   total reserved 2052096K, committed 68608K, used 59890K [0x0000000082c00000, 0x0000000100000000)
  region size 1024K, 24 young (24576K), 2 survivors (2048K)
 Metaspace       used 57970K, committed 58496K, reserved 1114112K
  class space    used 7315K, committed 7552K, reserved 1048576K
}
Event: 19.209 GC heap after
{Heap after GC invocations=19 (full 0):
 garbage-first heap   total reserved 2052096K, committed 68608K, used 39507K [0x0000000082c00000, 0x0000000100000000)
  region size 1024K, 3 young (3072K), 3 survivors (3072K)
 Metaspace       used 57970K, committed 58496K, reserved 1114112K
  class space    used 7315K, committed 7552K, reserved 1048576K
}
Event: 19.677 GC heap before
{Heap before GC invocations=20 (full 0):
 garbage-first heap   total reserved 2052096K, committed 68608K, used 59987K [0x0000000082c00000, 0x0000000100000000)
  region size 1024K, 24 young (24576K), 3 survivors (3072K)
 Metaspace       used 62248K, committed 62848K, reserved 1114112K
  class space    used 7953K, committed 8192K, reserved 1048576K
}
Event: 19.680 GC heap after
{Heap after GC invocations=21 (full 0):
 garbage-first heap   total reserved 2052096K, committed 68608K, used 40661K [0x0000000082c00000, 0x0000000100000000)
  region size 1024K, 3 young (3072K), 3 survivors (3072K)
 Metaspace       used 62248K, committed 62848K, reserved 1114112K
  class space    used 7953K, committed 8192K, reserved 1048576K
}
Event: 19.968 GC heap before
{Heap before GC invocations=21 (full 0):
 garbage-first heap   total reserved 2052096K, committed 68608K, used 60117K [0x0000000082c00000, 0x0000000100000000)
  region size 1024K, 22 young (22528K), 3 survivors (3072K)
 Metaspace       used 66059K, committed 66624K, reserved 1114112K
  class space    used 8594K, committed 8832K, reserved 1048576K
}
Event: 19.971 GC heap after
{Heap after GC invocations=22 (full 0):
 garbage-first heap   total reserved 2052096K, committed 68608K, used 40752K [0x0000000082c00000, 0x0000000100000000)
  region size 1024K, 2 young (2048K), 2 survivors (2048K)
 Metaspace       used 66059K, committed 66624K, reserved 1114112K
  class space    used 8594K, committed 8832K, reserved 1048576K
}
Event: 20.329 GC heap before
{Heap before GC invocations=22 (full 0):
 garbage-first heap   total reserved 2052096K, committed 68608K, used 62256K [0x0000000082c00000, 0x0000000100000000)
  region size 1024K, 23 young (23552K), 2 survivors (2048K)
 Metaspace       used 70224K, committed 70848K, reserved 1114112K
  class space    used 9170K, committed 9408K, reserved 1048576K
}
Event: 20.331 GC heap after
{Heap after GC invocations=23 (full 0):
 garbage-first heap   total reserved 2052096K, committed 68608K, used 41769K [0x0000000082c00000, 0x0000000100000000)
  region size 1024K, 2 young (2048K), 2 survivors (2048K)
 Metaspace       used 70224K, committed 70848K, reserved 1114112K
  class space    used 9170K, committed 9408K, reserved 1048576K
}
Event: 20.697 GC heap before
{Heap before GC invocations=24 (full 0):
 garbage-first heap   total reserved 2052096K, committed 71680K, used 60201K [0x0000000082c00000, 0x0000000100000000)
  region size 1024K, 21 young (21504K), 2 survivors (2048K)
 Metaspace       used 75499K, committed 76096K, reserved 1179648K
  class space    used 10046K, committed 10304K, reserved 1048576K
}
Event: 20.699 GC heap after
{Heap after GC invocations=25 (full 0):
 garbage-first heap   total reserved 2052096K, committed 71680K, used 42506K [0x0000000082c00000, 0x0000000100000000)
  region size 1024K, 2 young (2048K), 2 survivors (2048K)
 Metaspace       used 75499K, committed 76096K, reserved 1179648K
  class space    used 10046K, committed 10304K, reserved 1048576K
}
Event: 21.024 GC heap before
{Heap before GC invocations=25 (full 0):
 garbage-first heap   total reserved 2052096K, committed 71680K, used 65034K [0x0000000082c00000, 0x0000000100000000)
  region size 1024K, 24 young (24576K), 2 survivors (2048K)
 Metaspace       used 79739K, committed 80384K, reserved 1179648K
  class space    used 10742K, committed 11008K, reserved 1048576K
}
Event: 21.027 GC heap after
{Heap after GC invocations=26 (full 0):
 garbage-first heap   total reserved 2052096K, committed 71680K, used 42975K [0x0000000082c00000, 0x0000000100000000)
  region size 1024K, 3 young (3072K), 3 survivors (3072K)
 Metaspace       used 79739K, committed 80384K, reserved 1179648K
  class space    used 10742K, committed 11008K, reserved 1048576K
}
Event: 21.374 GC heap before
{Heap before GC invocations=26 (full 0):
 garbage-first heap   total reserved 2052096K, committed 71680K, used 63455K [0x0000000082c00000, 0x0000000100000000)
  region size 1024K, 23 young (23552K), 3 survivors (3072K)
 Metaspace       used 82258K, committed 82944K, reserved 1179648K
  class space    used 11041K, committed 11328K, reserved 1048576K
}
Event: 21.378 GC heap after
{Heap after GC invocations=27 (full 0):
 garbage-first heap   total reserved 2052096K, committed 71680K, used 44575K [0x0000000082c00000, 0x0000000100000000)
  region size 1024K, 3 young (3072K), 3 survivors (3072K)
 Metaspace       used 82258K, committed 82944K, reserved 1179648K
  class space    used 11041K, committed 11328K, reserved 1048576K
}
Event: 21.733 GC heap before
{Heap before GC invocations=28 (full 0):
 garbage-first heap   total reserved 2052096K, committed 75776K, used 63007K [0x0000000082c00000, 0x0000000100000000)
  region size 1024K, 21 young (21504K), 3 survivors (3072K)
 Metaspace       used 83641K, committed 84416K, reserved 1179648K
  class space    used 11288K, committed 11648K, reserved 1048576K
}
Event: 21.737 GC heap after
{Heap after GC invocations=29 (full 0):
 garbage-first heap   total reserved 2052096K, committed 75776K, used 46310K [0x0000000082c00000, 0x0000000100000000)
  region size 1024K, 2 young (2048K), 2 survivors (2048K)
 Metaspace       used 83641K, committed 84416K, reserved 1179648K
  class space    used 11288K, committed 11648K, reserved 1048576K
}
Event: 25.067 GC heap before
{Heap before GC invocations=29 (full 0):
 garbage-first heap   total reserved 2052096K, committed 75776K, used 67814K [0x0000000082c00000, 0x0000000100000000)
  region size 1024K, 23 young (23552K), 2 survivors (2048K)
 Metaspace       used 84956K, committed 85696K, reserved 1179648K
  class space    used 11467K, committed 11840K, reserved 1048576K
}

