# JRE version: Java(TM) SE Runtime Environment (23.0.2+7) (build 23.0.2+7-58)
# Java VM: Java HotSpot(TM) 64-Bit Server VM (23.0.2+7-58, mixed mode, sharing, tiered, compressed oops, compressed class ptrs, g1 gc, windows-amd64)
GC Precious Log:
 CardTable entry size: 512
 Card Set container configuration: InlinePtr #cards 5 size 8 Array Of Cards #cards 10 size 36 Howl #buckets 4 coarsen threshold 1843 Howl Bitmap #cards 512 size 80 coarsen threshold 460 Card regions per heap region 1 cards per card region 2048
 CPUs: 8 total, 8 available
 Memory: 8013M
 Large Page Support: Disabled
 NUMA Support: Disabled
 Compressed Oops: Enabled (32-bit)
 Heap Region Size: 1M
 Heap Min Capacity: 8M
 Heap Initial Capacity: 126M
 Heap Max Capacity: 2004M
 Pre-touch: Disabled
 Parallel Workers: 8
 Concurrent Workers: 2
 Concurrent Refinement Workers: 8
 Periodic GC: Disabled
Heap:
 garbage-first heap   total reserved 2052096K, committed 99328K, used 73034K [0x0000000082c00000, 0x0000000100000000)
  region size 1024K, 16 young (16384K), 1 survivors (1024K)
 Metaspace       used 102438K, committed 103360K, reserved 1179648K
  class space    used 13897K, committed 14336K, reserved 1048576K
GC Heap History (20 events):
Event: 13.248 GC heap after
{Heap after GC invocations=27 (full 0):
 garbage-first heap   total reserved 2052096K, committed 71680K, used 44579K [0x0000000082c00000, 0x0000000100000000)
  region size 1024K, 3 young (3072K), 3 survivors (3072K)
 Metaspace       used 81694K, committed 82368K, reserved 1179648K
  class space    used 10947K, committed 11200K, reserved 1048576K
}
Event: 13.934 GC heap before
{Heap before GC invocations=28 (full 0):
 garbage-first heap   total reserved 2052096K, committed 75776K, used 63011K [0x0000000082c00000, 0x0000000100000000)
  region size 1024K, 21 young (21504K), 3 survivors (3072K)
 Metaspace       used 83440K, committed 84096K, reserved 1179648K
  class space    used 11268K, committed 11584K, reserved 1048576K
}
Event: 13.939 GC heap after
{Heap after GC invocations=29 (full 0):
 garbage-first heap   total reserved 2052096K, committed 75776K, used 46345K [0x0000000082c00000, 0x0000000100000000)
  region size 1024K, 2 young (2048K), 2 survivors (2048K)
 Metaspace       used 83440K, committed 84096K, reserved 1179648K
  class space    used 11268K, committed 11584K, reserved 1048576K
}
Event: 14.370 GC heap before
{Heap before GC invocations=29 (full 0):
 garbage-first heap   total reserved 2052096K, committed 75776K, used 67849K [0x0000000082c00000, 0x0000000100000000)
  region size 1024K, 23 young (23552K), 2 survivors (2048K)
 Metaspace       used 84483K, committed 85248K, reserved 1179648K
  class space    used 11413K, committed 11776K, reserved 1048576K
}
Event: 14.375 GC heap after
{Heap after GC invocations=30 (full 0):
 garbage-first heap   total reserved 2052096K, committed 75776K, used 47287K [0x0000000082c00000, 0x0000000100000000)
  region size 1024K, 3 young (3072K), 3 survivors (3072K)
 Metaspace       used 84483K, committed 85248K, reserved 1179648K
  class space    used 11413K, committed 11776K, reserved 1048576K
}
Event: 14.924 GC heap before
{Heap before GC invocations=30 (full 0):
 garbage-first heap   total reserved 2052096K, committed 75776K, used 66743K [0x0000000082c00000, 0x0000000100000000)
  region size 1024K, 22 young (22528K), 3 survivors (3072K)
 Metaspace       used 85501K, committed 86272K, reserved 1179648K
  class space    used 11553K, committed 11904K, reserved 1048576K
}
Event: 14.929 GC heap after
{Heap after GC invocations=31 (full 0):
 garbage-first heap   total reserved 2052096K, committed 91136K, used 48953K [0x0000000082c00000, 0x0000000100000000)
  region size 1024K, 3 young (3072K), 3 survivors (3072K)
 Metaspace       used 85501K, committed 86272K, reserved 1179648K
  class space    used 11553K, committed 11904K, reserved 1048576K
}
Event: 16.775 GC heap before
{Heap before GC invocations=32 (full 0):
 garbage-first heap   total reserved 2052096K, committed 91136K, used 82745K [0x0000000082c00000, 0x0000000100000000)
  region size 1024K, 36 young (36864K), 3 survivors (3072K)
 Metaspace       used 87172K, committed 88000K, reserved 1179648K
  class space    used 11790K, committed 12160K, reserved 1048576K
}
Event: 16.780 GC heap after
{Heap after GC invocations=33 (full 0):
 garbage-first heap   total reserved 2052096K, committed 91136K, used 51320K [0x0000000082c00000, 0x0000000100000000)
  region size 1024K, 5 young (5120K), 5 survivors (5120K)
 Metaspace       used 87172K, committed 88000K, reserved 1179648K
  class space    used 11790K, committed 12160K, reserved 1048576K
}
Event: 17.283 GC heap before
{Heap before GC invocations=33 (full 0):
 garbage-first heap   total reserved 2052096K, committed 91136K, used 79992K [0x0000000082c00000, 0x0000000100000000)
  region size 1024K, 33 young (33792K), 5 survivors (5120K)
 Metaspace       used 88285K, committed 89152K, reserved 1179648K
  class space    used 11986K, committed 12352K, reserved 1048576K
}
Event: 17.291 GC heap after
{Heap after GC invocations=34 (full 0):
 garbage-first heap   total reserved 2052096K, committed 91136K, used 52619K [0x0000000082c00000, 0x0000000100000000)
  region size 1024K, 5 young (5120K), 5 survivors (5120K)
 Metaspace       used 88285K, committed 89152K, reserved 1179648K
  class space    used 11986K, committed 12352K, reserved 1048576K
}
Event: 18.804 GC heap before
{Heap before GC invocations=34 (full 0):
 garbage-first heap   total reserved 2052096K, committed 91136K, used 79243K [0x0000000082c00000, 0x0000000100000000)
  region size 1024K, 31 young (31744K), 5 survivors (5120K)
 Metaspace       used 89521K, committed 90368K, reserved 1179648K
  class space    used 12159K, committed 12544K, reserved 1048576K
}
Event: 18.809 GC heap after
{Heap after GC invocations=35 (full 0):
 garbage-first heap   total reserved 2052096K, committed 91136K, used 54395K [0x0000000082c00000, 0x0000000100000000)
  region size 1024K, 4 young (4096K), 4 survivors (4096K)
 Metaspace       used 89521K, committed 90368K, reserved 1179648K
  class space    used 12159K, committed 12544K, reserved 1048576K
}
Event: 19.517 GC heap before
{Heap before GC invocations=36 (full 0):
 garbage-first heap   total reserved 2052096K, committed 92160K, used 79995K [0x0000000082c00000, 0x0000000100000000)
  region size 1024K, 30 young (30720K), 4 survivors (4096K)
 Metaspace       used 93129K, committed 93952K, reserved 1179648K
  class space    used 12676K, committed 13056K, reserved 1048576K
}
Event: 19.522 GC heap after
{Heap after GC invocations=37 (full 0):
 garbage-first heap   total reserved 2052096K, committed 92160K, used 56063K [0x0000000082c00000, 0x0000000100000000)
  region size 1024K, 4 young (4096K), 4 survivors (4096K)
 Metaspace       used 93129K, committed 93952K, reserved 1179648K
  class space    used 12676K, committed 13056K, reserved 1048576K
}
Event: 103.859 GC heap before
{Heap before GC invocations=37 (full 0):
 garbage-first heap   total reserved 2052096K, committed 92160K, used 82687K [0x0000000082c00000, 0x0000000100000000)
  region size 1024K, 30 young (30720K), 4 survivors (4096K)
 Metaspace       used 97829K, committed 98816K, reserved 1179648K
  class space    used 13252K, committed 13696K, reserved 1048576K
}
Event: 103.882 GC heap after
{Heap after GC invocations=38 (full 0):
 garbage-first heap   total reserved 2052096K, committed 92160K, used 57587K [0x0000000082c00000, 0x0000000100000000)
  region size 1024K, 3 young (3072K), 3 survivors (3072K)
 Metaspace       used 97829K, committed 98816K, reserved 1179648K
  class space    used 13252K, committed 13696K, reserved 1048576K
}
Event: 299.589 GC heap before
{Heap before GC invocations=38 (full 0):
 garbage-first heap   total reserved 2052096K, committed 92160K, used 82163K [0x0000000082c00000, 0x0000000100000000)
  region size 1024K, 28 young (28672K), 3 survivors (3072K)
 Metaspace       used 102196K, committed 103104K, reserved 1179648K
  class space    used 13864K, committed 14272K, reserved 1048576K
}
Event: 299.610 GC heap after
{Heap after GC invocations=39 (full 0):
 garbage-first heap   total reserved 2052096K, committed 92160K, used 58698K [0x0000000082c00000, 0x0000000100000000)
  region size 1024K, 1 young (1024K), 1 survivors (1024K)
 Metaspace       used 102196K, committed 103104K, reserved 1179648K
  class space    used 13864K, committed 14272K, reserved 1048576K
}
Event: 607.300 GC heap before
{Heap before GC invocations=40 (full 0):
 garbage-first heap   total reserved 2052096K, committed 99328K, used 73034K [0x0000000082c00000, 0x0000000100000000)
  region size 1024K, 16 young (16384K), 1 survivors (1024K)
 Metaspace       used 102438K, committed 103360K, reserved 1179648K
  class space    used 13897K, committed 14336K, reserved 1048576K
}

