# JRE version: Java(TM) SE Runtime Environment (23.0.2+7) (build 23.0.2+7-58)
# Java VM: Java HotSpot(TM) 64-Bit Server VM (23.0.2+7-58, mixed mode, sharing, tiered, compressed oops, compressed class ptrs, g1 gc, windows-amd64)
GC Precious Log:
 CardTable entry size: 512
 Card Set container configuration: InlinePtr #cards 5 size 8 Array Of Cards #cards 10 size 36 Howl #buckets 4 coarsen threshold 1843 Howl Bitmap #cards 512 size 80 coarsen threshold 460 Card regions per heap region 1 cards per card region 2048
 CPUs: 8 total, 8 available
 Memory: 8013M
 Large Page Support: Disabled
 NUMA Support: Disabled
 Compressed Oops: Enabled (32-bit)
 Heap Region Size: 1M
 Heap Min Capacity: 8M
 Heap Initial Capacity: 126M
 Heap Max Capacity: 2004M
 Pre-touch: Disabled
 Parallel Workers: 8
 Concurrent Workers: 2
 Concurrent Refinement Workers: 8
 Periodic GC: Disabled
Heap:
 garbage-first heap   total reserved 2052096K, committed 86016K, used 67315K [0x0000000082c00000, 0x0000000100000000)
  region size 1024K, 26 young (26624K), 5 survivors (5120K)
 Metaspace       used 85326K, committed 86016K, reserved 1179648K
  class space    used 11499K, committed 11840K, reserved 1048576K
GC Heap History (20 events):
Event: 9.030 GC heap before
{Heap before GC invocations=13 (full 0):
 garbage-first heap   total reserved 2052096K, committed 68608K, used 62288K [0x0000000082c00000, 0x0000000100000000)
  region size 1024K, 31 young (31744K), 4 survivors (4096K)
 Metaspace       used 50833K, committed 51264K, reserved 1114112K
  class space    used 6475K, committed 6656K, reserved 1048576K
}
Event: 9.037 GC heap after
{Heap after GC invocations=14 (full 0):
 garbage-first heap   total reserved 2052096K, committed 70656K, used 37280K [0x0000000082c00000, 0x0000000100000000)
  region size 1024K, 4 young (4096K), 4 survivors (4096K)
 Metaspace       used 50833K, committed 51264K, reserved 1114112K
  class space    used 6475K, committed 6656K, reserved 1048576K
}
Event: 9.045 GC heap before
{Heap before GC invocations=14 (full 0):
 garbage-first heap   total reserved 2052096K, committed 70656K, used 39328K [0x0000000082c00000, 0x0000000100000000)
  region size 1024K, 7 young (7168K), 4 survivors (4096K)
 Metaspace       used 50834K, committed 51264K, reserved 1114112K
  class space    used 6475K, committed 6656K, reserved 1048576K
}
Event: 9.048 GC heap after
{Heap after GC invocations=15 (full 0):
 garbage-first heap   total reserved 2052096K, committed 70656K, used 38570K [0x0000000082c00000, 0x0000000100000000)
  region size 1024K, 2 young (2048K), 2 survivors (2048K)
 Metaspace       used 50834K, committed 51264K, reserved 1114112K
  class space    used 6475K, committed 6656K, reserved 1048576K
}
Event: 9.230 GC heap before
{Heap before GC invocations=16 (full 0):
 garbage-first heap   total reserved 2052096K, committed 71680K, used 61098K [0x0000000082c00000, 0x0000000100000000)
  region size 1024K, 20 young (20480K), 2 survivors (2048K)
 Metaspace       used 51550K, committed 52096K, reserved 1114112K
  class space    used 6567K, committed 6848K, reserved 1048576K
}
Event: 9.231 GC heap after
{Heap after GC invocations=17 (full 0):
 garbage-first heap   total reserved 2052096K, committed 71680K, used 39926K [0x0000000082c00000, 0x0000000100000000)
  region size 1024K, 2 young (2048K), 2 survivors (2048K)
 Metaspace       used 51550K, committed 52096K, reserved 1114112K
  class space    used 6567K, committed 6848K, reserved 1048576K
}
Event: 9.643 GC heap before
{Heap before GC invocations=17 (full 0):
 garbage-first heap   total reserved 2052096K, committed 71680K, used 59382K [0x0000000082c00000, 0x0000000100000000)
  region size 1024K, 21 young (21504K), 2 survivors (2048K)
 Metaspace       used 53032K, committed 53632K, reserved 1114112K
  class space    used 6782K, committed 7040K, reserved 1048576K
}
Event: 9.648 GC heap after
{Heap after GC invocations=18 (full 0):
 garbage-first heap   total reserved 2052096K, committed 71680K, used 40553K [0x0000000082c00000, 0x0000000100000000)
  region size 1024K, 3 young (3072K), 3 survivors (3072K)
 Metaspace       used 53032K, committed 53632K, reserved 1114112K
  class space    used 6782K, committed 7040K, reserved 1048576K
}
Event: 9.920 GC heap before
{Heap before GC invocations=18 (full 0):
 garbage-first heap   total reserved 2052096K, committed 71680K, used 60009K [0x0000000082c00000, 0x0000000100000000)
  region size 1024K, 23 young (23552K), 3 survivors (3072K)
 Metaspace       used 57331K, committed 57920K, reserved 1114112K
  class space    used 7273K, committed 7552K, reserved 1048576K
}
Event: 9.924 GC heap after
{Heap after GC invocations=19 (full 0):
 garbage-first heap   total reserved 2052096K, committed 86016K, used 42077K [0x0000000082c00000, 0x0000000100000000)
  region size 1024K, 3 young (3072K), 3 survivors (3072K)
 Metaspace       used 57331K, committed 57920K, reserved 1114112K
  class space    used 7273K, committed 7552K, reserved 1048576K
}
Event: 10.615 GC heap before
{Heap before GC invocations=20 (full 0):
 garbage-first heap   total reserved 2052096K, committed 86016K, used 70749K [0x0000000082c00000, 0x0000000100000000)
  region size 1024K, 32 young (32768K), 3 survivors (3072K)
 Metaspace       used 63273K, committed 63872K, reserved 1114112K
  class space    used 8137K, committed 8384K, reserved 1048576K
}
Event: 10.618 GC heap after
{Heap after GC invocations=21 (full 0):
 garbage-first heap   total reserved 2052096K, committed 86016K, used 42167K [0x0000000082c00000, 0x0000000100000000)
  region size 1024K, 3 young (3072K), 3 survivors (3072K)
 Metaspace       used 63273K, committed 63872K, reserved 1114112K
  class space    used 8137K, committed 8384K, reserved 1048576K
}
Event: 11.178 GC heap before
{Heap before GC invocations=21 (full 0):
 garbage-first heap   total reserved 2052096K, committed 86016K, used 73911K [0x0000000082c00000, 0x0000000100000000)
  region size 1024K, 34 young (34816K), 3 survivors (3072K)
 Metaspace       used 69495K, committed 70080K, reserved 1114112K
  class space    used 9061K, committed 9344K, reserved 1048576K
}
Event: 11.186 GC heap after
{Heap after GC invocations=22 (full 0):
 garbage-first heap   total reserved 2052096K, committed 86016K, used 43064K [0x0000000082c00000, 0x0000000100000000)
  region size 1024K, 4 young (4096K), 4 survivors (4096K)
 Metaspace       used 69495K, committed 70080K, reserved 1114112K
  class space    used 9061K, committed 9344K, reserved 1048576K
}
Event: 11.647 GC heap before
{Heap before GC invocations=22 (full 0):
 garbage-first heap   total reserved 2052096K, committed 86016K, used 73784K [0x0000000082c00000, 0x0000000100000000)
  region size 1024K, 35 young (35840K), 4 survivors (4096K)
 Metaspace       used 77108K, committed 77696K, reserved 1179648K
  class space    used 10306K, committed 10560K, reserved 1048576K
}
Event: 11.650 GC heap after
{Heap after GC invocations=23 (full 0):
 garbage-first heap   total reserved 2052096K, committed 86016K, used 44142K [0x0000000082c00000, 0x0000000100000000)
  region size 1024K, 4 young (4096K), 4 survivors (4096K)
 Metaspace       used 77108K, committed 77696K, reserved 1179648K
  class space    used 10306K, committed 10560K, reserved 1048576K
}
Event: 12.140 GC heap before
{Heap before GC invocations=24 (full 0):
 garbage-first heap   total reserved 2052096K, committed 86016K, used 74862K [0x0000000082c00000, 0x0000000100000000)
  region size 1024K, 35 young (35840K), 4 survivors (4096K)
 Metaspace       used 81710K, committed 82368K, reserved 1179648K
  class space    used 10978K, committed 11264K, reserved 1048576K
}
Event: 12.147 GC heap after
{Heap after GC invocations=25 (full 0):
 garbage-first heap   total reserved 2052096K, committed 86016K, used 45268K [0x0000000082c00000, 0x0000000100000000)
  region size 1024K, 5 young (5120K), 5 survivors (5120K)
 Metaspace       used 81710K, committed 82368K, reserved 1179648K
  class space    used 10978K, committed 11264K, reserved 1048576K
}
Event: 12.561 GC heap before
{Heap before GC invocations=25 (full 0):
 garbage-first heap   total reserved 2052096K, committed 86016K, used 74964K [0x0000000082c00000, 0x0000000100000000)
  region size 1024K, 34 young (34816K), 5 survivors (5120K)
 Metaspace       used 84032K, committed 84736K, reserved 1179648K
  class space    used 11317K, committed 11648K, reserved 1048576K
}
Event: 12.567 GC heap after
{Heap after GC invocations=26 (full 0):
 garbage-first heap   total reserved 2052096K, committed 86016K, used 46835K [0x0000000082c00000, 0x0000000100000000)
  region size 1024K, 5 young (5120K), 5 survivors (5120K)
 Metaspace       used 84032K, committed 84736K, reserved 1179648K
  class space    used 11317K, committed 11648K, reserved 1048576K
}

