# JRE version: OpenJDK Runtime Environment Microsoft-9388408 (17.0.11+9) (build 17.0.11+9-LTS)
# Java VM: OpenJDK 64-Bit Server VM Microsoft-9388408 (17.0.11+9-LTS, mixed mode, sharing, tiered, compressed oops, compressed class ptrs, g1 gc, windows-amd64)
GC Precious Log:
 CPUs: 8 total, 8 available
 Memory: 8013M
 Large Page Support: Disabled
 NUMA Support: Disabled
 Compressed Oops: Enabled (32-bit)
 Heap Region Size: 1M
 Heap Min Capacity: 8M
 Heap Initial Capacity: 126M
 Heap Max Capacity: 2004M
 Pre-touch: Disabled
 Parallel Workers: 8
 Concurrent Workers: 2
 Concurrent Refinement Workers: 8
 Periodic GC: Disabled
Heap:
 garbage-first heap   total 151552K, used 94353K [0x0000000082c00000, 0x0000000100000000)
  region size 1024K, 62 young (63488K), 9 survivors (9216K)
 Metaspace       used 55785K, committed 56320K, reserved 1114112K
  class space    used 7544K, committed 7808K, reserved 1048576K
GC Heap History (20 events):
Event: 1.062 GC heap before
{Heap before GC invocations=1 (full 0):
 garbage-first heap   total 129024K, used 34155K [0x0000000082c00000, 0x0000000100000000)
  region size 1024K, 26 young (26624K), 3 survivors (3072K)
 Metaspace       used 9641K, committed 9856K, reserved 1114112K
  class space    used 1210K, committed 1344K, reserved 1048576K
}
Event: 1.068 GC heap after
{Heap after GC invocations=2 (full 0):
 garbage-first heap   total 129024K, used 13505K [0x0000000082c00000, 0x0000000100000000)
  region size 1024K, 2 young (2048K), 2 survivors (2048K)
 Metaspace       used 9641K, committed 9856K, reserved 1114112K
  class space    used 1210K, committed 1344K, reserved 1048576K
}
Event: 3.079 GC heap before
{Heap before GC invocations=2 (full 0):
 garbage-first heap   total 129024K, used 65729K [0x0000000082c00000, 0x0000000100000000)
  region size 1024K, 49 young (50176K), 2 survivors (2048K)
 Metaspace       used 19107K, committed 19392K, reserved 1114112K
  class space    used 2531K, committed 2688K, reserved 1048576K
}
Event: 3.084 GC heap after
{Heap after GC invocations=3 (full 0):
 garbage-first heap   total 129024K, used 19412K [0x0000000082c00000, 0x0000000100000000)
  region size 1024K, 7 young (7168K), 7 survivors (7168K)
 Metaspace       used 19107K, committed 19392K, reserved 1114112K
  class space    used 2531K, committed 2688K, reserved 1048576K
}
Event: 3.203 GC heap before
{Heap before GC invocations=3 (full 0):
 garbage-first heap   total 129024K, used 30676K [0x0000000082c00000, 0x0000000100000000)
  region size 1024K, 20 young (20480K), 7 survivors (7168K)
 Metaspace       used 21165K, committed 21504K, reserved 1114112K
  class space    used 2890K, committed 3072K, reserved 1048576K
}
Event: 3.208 GC heap after
{Heap after GC invocations=4 (full 0):
 garbage-first heap   total 129024K, used 20722K [0x0000000082c00000, 0x0000000100000000)
  region size 1024K, 2 young (2048K), 2 survivors (2048K)
 Metaspace       used 21165K, committed 21504K, reserved 1114112K
  class space    used 2890K, committed 3072K, reserved 1048576K
}
Event: 3.566 GC heap before
{Heap before GC invocations=5 (full 0):
 garbage-first heap   total 75776K, used 60658K [0x0000000082c00000, 0x0000000100000000)
  region size 1024K, 42 young (43008K), 2 survivors (2048K)
 Metaspace       used 27875K, committed 28160K, reserved 1114112K
  class space    used 3675K, committed 3840K, reserved 1048576K
}
Event: 3.570 GC heap after
{Heap after GC invocations=6 (full 0):
 garbage-first heap   total 75776K, used 22979K [0x0000000082c00000, 0x0000000100000000)
  region size 1024K, 4 young (4096K), 4 survivors (4096K)
 Metaspace       used 27875K, committed 28160K, reserved 1114112K
  class space    used 3675K, committed 3840K, reserved 1048576K
}
Event: 3.578 GC heap before
{Heap before GC invocations=6 (full 0):
 garbage-first heap   total 75776K, used 24003K [0x0000000082c00000, 0x0000000100000000)
  region size 1024K, 5 young (5120K), 4 survivors (4096K)
 Metaspace       used 28066K, committed 28416K, reserved 1114112K
  class space    used 3687K, committed 3840K, reserved 1048576K
}
Event: 3.583 GC heap after
{Heap after GC invocations=7 (full 0):
 garbage-first heap   total 75776K, used 23091K [0x0000000082c00000, 0x0000000100000000)
  region size 1024K, 1 young (1024K), 1 survivors (1024K)
 Metaspace       used 28066K, committed 28416K, reserved 1114112K
  class space    used 3687K, committed 3840K, reserved 1048576K
}
Event: 3.921 GC heap before
{Heap before GC invocations=7 (full 0):
 garbage-first heap   total 75776K, used 52787K [0x0000000082c00000, 0x0000000100000000)
  region size 1024K, 31 young (31744K), 1 survivors (1024K)
 Metaspace       used 30475K, committed 30912K, reserved 1114112K
  class space    used 3997K, committed 4224K, reserved 1048576K
}
Event: 3.924 GC heap after
{Heap after GC invocations=8 (full 0):
 garbage-first heap   total 75776K, used 25607K [0x0000000082c00000, 0x0000000100000000)
  region size 1024K, 4 young (4096K), 4 survivors (4096K)
 Metaspace       used 30475K, committed 30912K, reserved 1114112K
  class space    used 3997K, committed 4224K, reserved 1048576K
}
Event: 4.373 GC heap before
{Heap before GC invocations=8 (full 0):
 garbage-first heap   total 75776K, used 55303K [0x0000000082c00000, 0x0000000100000000)
  region size 1024K, 33 young (33792K), 4 survivors (4096K)
 Metaspace       used 33569K, committed 33984K, reserved 1114112K
  class space    used 4474K, committed 4672K, reserved 1048576K
}
Event: 4.380 GC heap after
{Heap after GC invocations=9 (full 0):
 garbage-first heap   total 75776K, used 27870K [0x0000000082c00000, 0x0000000100000000)
  region size 1024K, 3 young (3072K), 3 survivors (3072K)
 Metaspace       used 33569K, committed 33984K, reserved 1114112K
  class space    used 4474K, committed 4672K, reserved 1048576K
}
Event: 4.706 GC heap before
{Heap before GC invocations=9 (full 0):
 garbage-first heap   total 75776K, used 49374K [0x0000000082c00000, 0x0000000100000000)
  region size 1024K, 25 young (25600K), 3 survivors (3072K)
 Metaspace       used 35814K, committed 36160K, reserved 1114112K
  class space    used 4791K, committed 4992K, reserved 1048576K
}
Event: 4.712 GC heap after
{Heap after GC invocations=10 (full 0):
 garbage-first heap   total 75776K, used 29909K [0x0000000082c00000, 0x0000000100000000)
  region size 1024K, 4 young (4096K), 4 survivors (4096K)
 Metaspace       used 35814K, committed 36160K, reserved 1114112K
  class space    used 4791K, committed 4992K, reserved 1048576K
}
Event: 5.071 GC heap before
{Heap before GC invocations=11 (full 0):
 garbage-first heap   total 75776K, used 56533K [0x0000000082c00000, 0x0000000100000000)
  region size 1024K, 31 young (31744K), 4 survivors (4096K)
 Metaspace       used 38412K, committed 38848K, reserved 1114112K
  class space    used 5142K, committed 5376K, reserved 1048576K
}
Event: 5.079 GC heap after
{Heap after GC invocations=12 (full 0):
 garbage-first heap   total 151552K, used 32260K [0x0000000082c00000, 0x0000000100000000)
  region size 1024K, 3 young (3072K), 3 survivors (3072K)
 Metaspace       used 38412K, committed 38848K, reserved 1114112K
  class space    used 5142K, committed 5376K, reserved 1048576K
}
Event: 7.908 GC heap before
{Heap before GC invocations=12 (full 0):
 garbage-first heap   total 151552K, used 115204K [0x0000000082c00000, 0x0000000100000000)
  region size 1024K, 82 young (83968K), 3 survivors (3072K)
 Metaspace       used 51471K, committed 51968K, reserved 1114112K
  class space    used 6904K, committed 7168K, reserved 1048576K
}
Event: 7.920 GC heap after
{Heap after GC invocations=13 (full 0):
 garbage-first heap   total 151552K, used 41105K [0x0000000082c00000, 0x0000000100000000)
  region size 1024K, 9 young (9216K), 9 survivors (9216K)
 Metaspace       used 51471K, committed 51968K, reserved 1114112K
  class space    used 6904K, committed 7168K, reserved 1048576K
}

